
Running check 'Phase 1: Preparation'
=================
APT Repositories:
=================
Repos:
  No active apt repos in: /etc/apt/sources.list
  No active apt repos in: /etc/apt/sources.list.d/Floorp.list
  No active apt repos in: /etc/apt/sources.list.d/additional-repositories.list
  No active apt repos in: /etc/apt/sources.list.d/brave-browser-beta.list
  No active apt repos in: /etc/apt/sources.list.d/brave-browser-release.list
  No active apt repos in: /etc/apt/sources.list.d/deadsnakes-ppa-jammy.list
  Active apt repos in: /etc/apt/sources.list.d/flatpak-stable-jammy.list
    1: deb [signed-by=/etc/apt/keyrings/flatpak-stable-jammy.gpg] https://ppa.launchpadcontent.net/flatpak/stable/ubuntu jammy main
  No active apt repos in: /etc/apt/sources.list.d/forkotov02-ppa-jammy.list
  Active apt repos in: /etc/apt/sources.list.d/google-chrome.list
    1: deb [arch=amd64] https://dl.google.com/linux/chrome/deb/ stable main
  No active apt repos in: /etc/apt/sources.list.d/librewolf.list
  Active apt repos in: /etc/apt/sources.list.d/nala-sources.list
    1: deb http://mirrors.us.kernel.org/ubuntu/ noble main restricted universe multiverse
    2: deb http://mirror.us-ny2.kamatera.com/ubuntu/ noble main restricted universe multiverse
    3: deb https://ubuntu.mirror.constant.com/ noble main restricted universe multiverse
    4: deb http://mirror.siena.edu/ubuntu/ noble main restricted universe multiverse
    5: deb https://mirrors.layeronline.com/ubuntu/ noble main restricted universe multiverse
    6: deb http://ubuntu.mirrors.pair.com/archive/ noble main restricted universe multiverse
    7: deb https://nyc.mirrors.clouvider.net/ubuntu/ noble main restricted universe multiverse
    8: deb https://mirror.pilotfiber.com/ubuntu/ noble main restricted universe multiverse
  Active apt repos in: /etc/apt/sources.list.d/official-package-repositories.list
    1: deb http://packages.linuxmint.com xia main upstream import backport
    2: deb http://mirror.math.princeton.edu/pub/ubuntu noble main restricted universe multiverse
    3: deb http://mirror.math.princeton.edu/pub/ubuntu noble-updates main restricted universe multiverse
    4: deb http://mirror.math.princeton.edu/pub/ubuntu noble-backports main restricted universe multiverse
    5: deb http://security.ubuntu.com/ubuntu/ noble-security main restricted universe multiverse
  Active apt repos in: /etc/apt/sources.list.d/official-source-repositories.list
    1: deb-src http://packages.linuxmint.com xia main upstream import backport
    2: deb-src http://mirror.math.princeton.edu/pub/ubuntu noble main restricted universe multiverse
    3: deb-src http://mirror.math.princeton.edu/pub/ubuntu noble-updates main restricted universe multiverse
    4: deb-src http://mirror.math.princeton.edu/pub/ubuntu noble-backports main restricted universe multiverse
    5: deb-src http://security.ubuntu.com/ubuntu/ noble-security main restricted universe multiverse
  Active apt repos in: /etc/apt/sources.list.d/signal-xenial.list
    1: deb [arch=amd64 signed-by=/usr/share/keyrings/signal-desktop-keyring.gpg] https://updates.signal.org/desktop/apt xenial main
  No active apt repos in: /etc/apt/sources.list.d/teejee2008-foss-focal.list
  No active apt repos in: /etc/apt/sources.list.d/ubuntu-elisp-ppa-jammy.list
  Active apt repos in: /etc/apt/sources.list.d/ubuntu-toolchain-r-ppa-jammy.list
    1: deb [signed-by=/etc/apt/keyrings/ubuntu-toolchain-r-ppa-jammy.gpg] https://ppa.launchpadcontent.net/ubuntu-toolchain-r/ppa/ubuntu jammy main
  Active apt repos in: /etc/apt/sources.list.d/zhangsongcui3371-fastfetch-noble.list
    1: deb [signed-by=/etc/apt/keyrings/zhangsongcui3371-fastfetch-noble.gpg] https://ppa.launchpadcontent.net/zhangsongcui3371/fastfetch/ubuntu noble main
  Active apt repos in: /etc/apt/sources.list.d/home_bgstack15_aftermozilla.sources
    1: deb https://download.opensuse.org/repositories/home:/bgstack15:/aftermozilla/Debian_Unstable/ /
=================

Running check 'Linux Mint version'
mintupgrade-inhibit-power: no process found
